\BOOKMARK [0][-]{chapter.1}{\376\377\000M\000e\000d\000i\000c\000i\000\363\000n\000\040\000d\000e\000l\000\040\000B\000i\000e\000n\000e\000s\000t\000a\000r\000\040\000E\000c\000\363\000n\000o\000m\000i\000c\000o}{}% 1
\BOOKMARK [1][-]{section.1.1}{\376\377\000D\000e\000f\000i\000n\000i\000c\000i\000\363\000n\000\040\000y\000\040\000m\000o\000t\000i\000v\000a\000c\000i\000\363\000n}{chapter.1}% 2
\BOOKMARK [2][-]{subsection.1.1.1}{\376\377\000D\000e\000f\000i\000n\000i\000c\000i\000\363\000n}{section.1.1}% 3
\BOOKMARK [2][-]{subsection.1.1.2}{\376\377\000M\000o\000t\000i\000v\000a\000c\000i\000\363\000n}{section.1.1}% 4
\BOOKMARK [1][-]{section.1.2}{\376\377\000M\000e\000d\000i\000c\000i\000\363\000n\000\040\000a\000c\000t\000u\000a\000l}{chapter.1}% 5
\BOOKMARK [2][-]{subsection.1.2.1}{\376\377\000M\000e\000t\000o\000d\000o\000l\000o\000g\000\355\000a}{section.1.2}% 6
\BOOKMARK [2][-]{subsection.1.2.2}{\376\377\000V\000e\000n\000t\000a\000j\000a\000s}{section.1.2}% 7
\BOOKMARK [2][-]{subsection.1.2.3}{\376\377\000D\000e\000s\000v\000e\000n\000t\000a\000j\000a\000s}{section.1.2}% 8
\BOOKMARK [1][-]{section.1.3}{\376\377\000P\000r\000o\000p\000u\000e\000s\000t\000a\000\040\000d\000e\000\040\000m\000e\000j\000o\000r\000a\000:\000\040\000M\000e\000d\000i\000c\000i\000\363\000n\000\040\000i\000d\000e\000a\000l}{chapter.1}% 9
\BOOKMARK [2][-]{subsection.1.3.1}{\376\377\000M\000e\000t\000o\000d\000o\000l\000o\000g\000\355\000a}{section.1.3}% 10
\BOOKMARK [2][-]{subsection.1.3.2}{\376\377\000V\000e\000n\000t\000a\000j\000a\000s}{section.1.3}% 11
\BOOKMARK [2][-]{subsection.1.3.3}{\376\377\000D\000e\000s\000v\000e\000n\000t\000a\000j\000a\000s}{section.1.3}% 12
\BOOKMARK [1][-]{section.1.4}{\376\377\000P\000r\000o\000p\000u\000e\000s\000t\000a\000\040\000d\000e\000\040\000m\000e\000j\000o\000r\000a\000:\000\040\000M\000e\000d\000i\000c\000i\000o\000n\000e\000s\000\040\000a\000p\000r\000o\000x\000i\000m\000a\000d\000a\000s}{chapter.1}% 13
\BOOKMARK [2][-]{subsection.1.4.1}{\376\377\000M\000e\000t\000o\000d\000o\000l\000o\000g\000\355\000a}{section.1.4}% 14
\BOOKMARK [2][-]{subsection.1.4.2}{\376\377\000V\000e\000n\000t\000a\000j\000a\000s}{section.1.4}% 15
\BOOKMARK [2][-]{subsection.1.4.3}{\376\377\000D\000e\000s\000v\000e\000n\000t\000a\000j\000a\000s}{section.1.4}% 16
\BOOKMARK [0][-]{chapter.2}{\376\377\000T\000\351\000c\000n\000i\000c\000a\000s\000\040\000a\000\040\000u\000t\000i\000l\000i\000z\000a\000r}{}% 17
\BOOKMARK [1][-]{section.2.1}{\376\377\000C\000o\000r\000r\000e\000l\000a\000c\000i\000\363\000n\000\040\000d\000e\000\040\000P\000e\000a\000r\000s\000o\000n}{chapter.2}% 18
\BOOKMARK [1][-]{section.2.2}{\376\377\000C\000o\000r\000r\000e\000l\000a\000c\000i\000o\000n\000e\000s\000\040\000n\000o\000\040\000l\000i\000n\000e\000a\000l\000e\000s}{chapter.2}% 19
\BOOKMARK [2][-]{subsection.2.2.1}{\376\377\000C\000o\000r\000r\000e\000l\000a\000c\000i\000\363\000n\000\040\000d\000e\000\040\000S\000p\000e\000a\000r\000m\000a\000n}{section.2.2}% 20
\BOOKMARK [2][-]{subsection.2.2.2}{\376\377\000\040\000d\000e\000\040\000K\000e\000n\000d\000a\000l\000l}{section.2.2}% 21
\BOOKMARK [1][-]{section.2.3}{\376\377\000B\000o\000o\000t\000s\000t\000r\000a\000p}{chapter.2}% 22
\BOOKMARK [0][-]{chapter.3}{\376\377\000D\000a\000t\000o\000s\000\040\000s\000i\000n\000t\000e\000t\000i\000c\000o\000s}{}% 23
\BOOKMARK [1][-]{section.3.1}{\376\377\000G\000e\000n\000e\000r\000a\000c\000i\000\363\000n}{chapter.3}% 24
\BOOKMARK [1][-]{section.3.2}{\376\377\000D\000a\000t\000o\000s\000\040\000L\000N\000\050\0000\000,\0001\000\051}{chapter.3}% 25
\BOOKMARK [1][-]{section.3.3}{\376\377\000D\000a\000t\000o\000s\000\040\000L\000N\000\050\0000\000,\0002\000\051}{chapter.3}% 26
\BOOKMARK [2][-]{subsection.3.3.1}{\376\377\000C\000o\000m\000p\000o\000r\000t\000a\000m\000i\000e\000n\000t\000o\000\040\000c\000o\000n\000d\000i\000c\000i\000o\000n\000a\000l}{section.3.3}% 27
\BOOKMARK [2][-]{subsection.3.3.2}{\376\377\000I\000n\000t\000e\000r\000a\000c\000c\000i\000\363\000n\000\040\000c\000o\000n\000\040\000g\000r\000a\000n\000u\000l\000a\000r\000i\000d\000a\000d}{section.3.3}% 28
\BOOKMARK [2][-]{subsection.3.3.3}{\376\377\000C\000o\000m\000p\000o\000r\000t\000a\000m\000i\000e\000n\000t\000o\000\040\000n\000o\000\040\000c\000o\000n\000d\000i\000c\000i\000o\000n\000a\000l}{section.3.3}% 29
\BOOKMARK [0][-]{chapter.4}{\376\377\000D\000a\000t\000o\000s\000\040\000r\000e\000a\000l\000e\000s\000:\000\040\000D\000i\000s\000t\000r\000i\000b\000u\000c\000i\000\363\000n\000\040\000d\000e\000\040\000l\000o\000s\000\040\000i\000n\000g\000r\000e\000s\000o\000s}{}% 30
\BOOKMARK [1][-]{section.4.1}{\376\377\000D\000a\000t\000o\000s\000\040\000d\000i\000s\000p\000o\000n\000i\000b\000l\000e\000s}{chapter.4}% 31
\BOOKMARK [1][-]{section.4.2}{\376\377\000D\000i\000s\000t\000r\000i\000b\000u\000c\000i\000\363\000n\000\040\000e\000m\000p\000i\000r\000i\000c\000a}{chapter.4}% 32
\BOOKMARK [0][-]{chapter.5}{\376\377\000D\000a\000t\000o\000s\000\040\000r\000e\000a\000l\000e\000s\000:\000\040\000M\000e\000j\000o\000r\000a\000\040\000d\000e\000\040\000l\000a\000\040\000c\000a\000p\000a\000c\000i\000d\000a\000d\000\040\000p\000r\000e\000d\000i\000c\000t\000i\000v\000a}{}% 33
\BOOKMARK [1][-]{section.5.1}{\376\377\000E\000s\000p\000e\000r\000a\000n\000z\000a\000\040\000d\000e\000\040\000V\000i\000d\000a\000\040\000a\000l\000\040\000N\000a\000c\000e\000r\000\040\000\050\000E\000V\000N\000\051}{chapter.5}% 34
\BOOKMARK [1][-]{section.5.2}{\376\377\000O\000t\000r\000o\000s\000\040\000i\000n\000d\000i\000c\000a\000d\000o\000r\000e\000s}{chapter.5}% 35
\BOOKMARK [0][-]{chapter.6}{\376\377\000C\000o\000n\000c\000l\000u\000s\000i\000o\000n\000e\000s}{}% 36
\BOOKMARK [0][-]{chapter.7}{\376\377\000P\000o\000s\000i\000b\000l\000e\000s\000\040\000t\000r\000a\000b\000a\000j\000o\000s\000\040\000f\000u\000t\000u\000r\000o\000s}{}% 37
